{"/home/gfunk/Documents/parsing-multi/src/elements/H1.tsx": {"path":"/home/gfunk/Documents/parsing-multi/src/elements/H1.tsx","all":false,"statementMap":{"0":{"start":{"line":1,"column":0},"end":{"line":1,"column":37}},"1":{"start":{"line":2,"column":0},"end":{"line":2,"column":56}},"2":{"start":{"line":3,"column":0},"end":{"line":3,"column":0}},"3":{"start":{"line":4,"column":0},"end":{"line":4,"column":28}},"4":{"start":{"line":5,"column":0},"end":{"line":5,"column":10}},"5":{"start":{"line":6,"column":0},"end":{"line":6,"column":4}},"6":{"start":{"line":7,"column":0},"end":{"line":7,"column":88}},"7":{"start":{"line":8,"column":0},"end":{"line":8,"column":4}},"8":{"start":{"line":9,"column":0},"end":{"line":9,"column":44}},"9":{"start":{"line":10,"column":0},"end":{"line":10,"column":1}},"10":{"start":{"line":11,"column":0},"end":{"line":11,"column":0}},"11":{"start":{"line":12,"column":0},"end":{"line":12,"column":23}},"12":{"start":{"line":13,"column":0},"end":{"line":13,"column":17}},"13":{"start":{"line":14,"column":0},"end":{"line":14,"column":1}},"14":{"start":{"line":15,"column":0},"end":{"line":15,"column":29}},"15":{"start":{"line":16,"column":0},"end":{"line":16,"column":0}},"16":{"start":{"line":17,"column":0},"end":{"line":17,"column":25}},"17":{"start":{"line":18,"column":0},"end":{"line":18,"column":54}},"18":{"start":{"line":19,"column":0},"end":{"line":19,"column":33}},"19":{"start":{"line":20,"column":0},"end":{"line":20,"column":49}},"20":{"start":{"line":21,"column":0},"end":{"line":21,"column":41}},"21":{"start":{"line":22,"column":0},"end":{"line":22,"column":7}},"22":{"start":{"line":23,"column":0},"end":{"line":23,"column":5}},"23":{"start":{"line":24,"column":0},"end":{"line":24,"column":0}},"24":{"start":{"line":25,"column":0},"end":{"line":25,"column":24}},"25":{"start":{"line":26,"column":0},"end":{"line":26,"column":30}},"26":{"start":{"line":27,"column":0},"end":{"line":27,"column":37}},"27":{"start":{"line":28,"column":0},"end":{"line":28,"column":24}},"28":{"start":{"line":29,"column":0},"end":{"line":29,"column":61}},"29":{"start":{"line":30,"column":0},"end":{"line":30,"column":7}},"30":{"start":{"line":31,"column":0},"end":{"line":31,"column":5}},"31":{"start":{"line":32,"column":0},"end":{"line":32,"column":1}}},"s":{"0":1,"1":1,"2":1,"3":1,"4":1,"5":1,"6":1,"7":1,"8":1,"9":1,"10":1,"11":1,"12":1,"13":1,"14":1,"15":1,"16":1,"17":1,"18":1,"19":1,"20":1,"21":1,"22":1,"23":1,"24":1,"25":1,"26":1,"27":1,"28":1,"29":1,"30":1,"31":1},"branchMap":{"0":{"type":"branch","line":4,"loc":{"start":{"line":4,"column":0},"end":{"line":10,"column":1}},"locations":[{"start":{"line":4,"column":0},"end":{"line":10,"column":1}}]},"1":{"type":"branch","line":12,"loc":{"start":{"line":12,"column":0},"end":{"line":14,"column":1}},"locations":[{"start":{"line":12,"column":0},"end":{"line":14,"column":1}}]},"2":{"type":"branch","line":19,"loc":{"start":{"line":19,"column":26},"end":{"line":23,"column":5}},"locations":[{"start":{"line":19,"column":26},"end":{"line":23,"column":5}}]},"3":{"type":"branch","line":20,"loc":{"start":{"line":20,"column":42},"end":{"line":22,"column":7}},"locations":[{"start":{"line":20,"column":42},"end":{"line":22,"column":7}}]},"4":{"type":"branch","line":25,"loc":{"start":{"line":25,"column":17},"end":{"line":31,"column":5}},"locations":[{"start":{"line":25,"column":17},"end":{"line":31,"column":5}}]},"5":{"type":"branch","line":26,"loc":{"start":{"line":26,"column":23},"end":{"line":30,"column":7}},"locations":[{"start":{"line":26,"column":23},"end":{"line":30,"column":7}}]}},"b":{"0":[1],"1":[1],"2":[1],"3":[1],"4":[1],"5":[1]},"fnMap":{"0":{"name":"H1","decl":{"start":{"line":4,"column":0},"end":{"line":10,"column":1}},"loc":{"start":{"line":4,"column":0},"end":{"line":10,"column":1}},"line":4},"1":{"name":"helloWorld","decl":{"start":{"line":12,"column":0},"end":{"line":14,"column":1}},"loc":{"start":{"line":12,"column":0},"end":{"line":14,"column":1}},"line":12}},"f":{"0":1,"1":1}}
,"/home/gfunk/Documents/parsing-multi/src/utilities/autoTextColour.tsx": {"path":"/home/gfunk/Documents/parsing-multi/src/utilities/autoTextColour.tsx","all":false,"statementMap":{"0":{"start":{"line":1,"column":0},"end":{"line":1,"column":21}},"1":{"start":{"line":2,"column":0},"end":{"line":2,"column":40}},"2":{"start":{"line":3,"column":0},"end":{"line":3,"column":52}},"3":{"start":{"line":4,"column":0},"end":{"line":4,"column":58}},"4":{"start":{"line":5,"column":0},"end":{"line":5,"column":82}},"5":{"start":{"line":6,"column":0},"end":{"line":6,"column":31}},"6":{"start":{"line":7,"column":0},"end":{"line":7,"column":7}},"7":{"start":{"line":8,"column":0},"end":{"line":8,"column":47}},"8":{"start":{"line":9,"column":0},"end":{"line":9,"column":34}},"9":{"start":{"line":10,"column":0},"end":{"line":10,"column":13}},"10":{"start":{"line":11,"column":0},"end":{"line":11,"column":37}},"11":{"start":{"line":12,"column":0},"end":{"line":12,"column":37}},"12":{"start":{"line":13,"column":0},"end":{"line":13,"column":37}},"13":{"start":{"line":14,"column":0},"end":{"line":14,"column":13}},"14":{"start":{"line":15,"column":0},"end":{"line":15,"column":13}},"15":{"start":{"line":16,"column":0},"end":{"line":16,"column":37}},"16":{"start":{"line":17,"column":0},"end":{"line":17,"column":37}},"17":{"start":{"line":18,"column":0},"end":{"line":18,"column":37}},"18":{"start":{"line":19,"column":0},"end":{"line":19,"column":14}},"19":{"start":{"line":20,"column":0},"end":{"line":20,"column":7}},"20":{"start":{"line":21,"column":0},"end":{"line":21,"column":0}},"21":{"start":{"line":22,"column":0},"end":{"line":22,"column":43}},"22":{"start":{"line":23,"column":0},"end":{"line":23,"column":66}},"23":{"start":{"line":24,"column":0},"end":{"line":24,"column":5}},"24":{"start":{"line":25,"column":0},"end":{"line":25,"column":54}},"25":{"start":{"line":26,"column":0},"end":{"line":26,"column":21}},"26":{"start":{"line":27,"column":0},"end":{"line":27,"column":4}},"27":{"start":{"line":28,"column":0},"end":{"line":28,"column":51}},"28":{"start":{"line":29,"column":0},"end":{"line":29,"column":41}},"29":{"start":{"line":30,"column":0},"end":{"line":30,"column":0}},"30":{"start":{"line":31,"column":0},"end":{"line":31,"column":44}},"31":{"start":{"line":32,"column":0},"end":{"line":32,"column":44}},"32":{"start":{"line":33,"column":0},"end":{"line":33,"column":30}},"33":{"start":{"line":34,"column":0},"end":{"line":34,"column":16}},"34":{"start":{"line":35,"column":0},"end":{"line":35,"column":16}},"35":{"start":{"line":36,"column":0},"end":{"line":36,"column":16}},"36":{"start":{"line":37,"column":0},"end":{"line":37,"column":0}},"37":{"start":{"line":38,"column":0},"end":{"line":38,"column":29}},"38":{"start":{"line":39,"column":0},"end":{"line":39,"column":62}},"39":{"start":{"line":40,"column":0},"end":{"line":40,"column":60}},"40":{"start":{"line":41,"column":0},"end":{"line":41,"column":41}},"41":{"start":{"line":42,"column":0},"end":{"line":42,"column":0}},"42":{"start":{"line":43,"column":0},"end":{"line":43,"column":14}},"43":{"start":{"line":44,"column":0},"end":{"line":44,"column":0}},"44":{"start":{"line":45,"column":0},"end":{"line":45,"column":28}},"45":{"start":{"line":46,"column":0},"end":{"line":46,"column":0}},"46":{"start":{"line":47,"column":0},"end":{"line":47,"column":28}},"47":{"start":{"line":48,"column":0},"end":{"line":48,"column":64}},"48":{"start":{"line":49,"column":0},"end":{"line":49,"column":23}},"49":{"start":{"line":50,"column":0},"end":{"line":50,"column":23}},"50":{"start":{"line":51,"column":0},"end":{"line":51,"column":37}},"51":{"start":{"line":52,"column":0},"end":{"line":52,"column":0}},"52":{"start":{"line":53,"column":0},"end":{"line":53,"column":20}},"53":{"start":{"line":54,"column":0},"end":{"line":54,"column":4}},"54":{"start":{"line":55,"column":0},"end":{"line":55,"column":49}},"55":{"start":{"line":56,"column":0},"end":{"line":56,"column":27}},"56":{"start":{"line":57,"column":0},"end":{"line":57,"column":32}},"57":{"start":{"line":58,"column":0},"end":{"line":58,"column":0}},"58":{"start":{"line":59,"column":0},"end":{"line":59,"column":15}},"59":{"start":{"line":60,"column":0},"end":{"line":60,"column":15}},"60":{"start":{"line":61,"column":0},"end":{"line":61,"column":0}},"61":{"start":{"line":62,"column":0},"end":{"line":62,"column":53}},"62":{"start":{"line":63,"column":0},"end":{"line":63,"column":60}},"63":{"start":{"line":64,"column":0},"end":{"line":64,"column":39}},"64":{"start":{"line":65,"column":0},"end":{"line":65,"column":16}},"65":{"start":{"line":66,"column":0},"end":{"line":66,"column":18}},"66":{"start":{"line":67,"column":0},"end":{"line":67,"column":17}},"67":{"start":{"line":68,"column":0},"end":{"line":68,"column":0}},"68":{"start":{"line":69,"column":0},"end":{"line":69,"column":31}},"69":{"start":{"line":70,"column":0},"end":{"line":70,"column":19}},"70":{"start":{"line":71,"column":0},"end":{"line":71,"column":16}},"71":{"start":{"line":72,"column":0},"end":{"line":72,"column":15}},"72":{"start":{"line":73,"column":0},"end":{"line":73,"column":40}},"73":{"start":{"line":74,"column":0},"end":{"line":74,"column":14}},"74":{"start":{"line":75,"column":0},"end":{"line":75,"column":21}},"75":{"start":{"line":76,"column":0},"end":{"line":76,"column":15}},"76":{"start":{"line":77,"column":0},"end":{"line":77,"column":41}},"77":{"start":{"line":78,"column":0},"end":{"line":78,"column":14}},"78":{"start":{"line":79,"column":0},"end":{"line":79,"column":21}},"79":{"start":{"line":80,"column":0},"end":{"line":80,"column":15}},"80":{"start":{"line":81,"column":0},"end":{"line":81,"column":41}},"81":{"start":{"line":82,"column":0},"end":{"line":82,"column":14}},"82":{"start":{"line":83,"column":0},"end":{"line":83,"column":16}},"83":{"start":{"line":84,"column":0},"end":{"line":84,"column":20}},"84":{"start":{"line":85,"column":0},"end":{"line":85,"column":41}},"85":{"start":{"line":86,"column":0},"end":{"line":86,"column":14}},"86":{"start":{"line":87,"column":0},"end":{"line":87,"column":16}},"87":{"start":{"line":88,"column":0},"end":{"line":88,"column":20}},"88":{"start":{"line":89,"column":0},"end":{"line":89,"column":42}},"89":{"start":{"line":90,"column":0},"end":{"line":90,"column":19}},"90":{"start":{"line":91,"column":0},"end":{"line":91,"column":16}},"91":{"start":{"line":92,"column":0},"end":{"line":92,"column":15}},"92":{"start":{"line":93,"column":0},"end":{"line":93,"column":5}},"93":{"start":{"line":94,"column":0},"end":{"line":94,"column":51}},"94":{"start":{"line":95,"column":0},"end":{"line":95,"column":66}},"95":{"start":{"line":96,"column":0},"end":{"line":96,"column":70}},"96":{"start":{"line":97,"column":0},"end":{"line":97,"column":68}},"97":{"start":{"line":98,"column":0},"end":{"line":98,"column":0}},"98":{"start":{"line":99,"column":0},"end":{"line":99,"column":31}},"99":{"start":{"line":100,"column":0},"end":{"line":100,"column":51}},"100":{"start":{"line":101,"column":0},"end":{"line":101,"column":57}},"101":{"start":{"line":102,"column":0},"end":{"line":102,"column":54}},"102":{"start":{"line":103,"column":0},"end":{"line":103,"column":50}},"103":{"start":{"line":104,"column":0},"end":{"line":104,"column":15}},"104":{"start":{"line":105,"column":0},"end":{"line":105,"column":4}},"105":{"start":{"line":106,"column":0},"end":{"line":106,"column":46}},"106":{"start":{"line":107,"column":0},"end":{"line":107,"column":76}},"107":{"start":{"line":108,"column":0},"end":{"line":108,"column":4}},"108":{"start":{"line":109,"column":0},"end":{"line":109,"column":47}},"109":{"start":{"line":110,"column":0},"end":{"line":110,"column":47}},"110":{"start":{"line":111,"column":0},"end":{"line":111,"column":81}},"111":{"start":{"line":112,"column":0},"end":{"line":112,"column":5}},"112":{"start":{"line":113,"column":0},"end":{"line":113,"column":63}},"113":{"start":{"line":114,"column":0},"end":{"line":114,"column":29}},"114":{"start":{"line":115,"column":0},"end":{"line":115,"column":31}},"115":{"start":{"line":116,"column":0},"end":{"line":116,"column":30}},"116":{"start":{"line":117,"column":0},"end":{"line":117,"column":56}},"117":{"start":{"line":118,"column":0},"end":{"line":118,"column":5}},"118":{"start":{"line":119,"column":0},"end":{"line":119,"column":0}},"119":{"start":{"line":120,"column":0},"end":{"line":120,"column":50}},"120":{"start":{"line":121,"column":0},"end":{"line":121,"column":44}},"121":{"start":{"line":122,"column":0},"end":{"line":122,"column":18}},"122":{"start":{"line":123,"column":0},"end":{"line":123,"column":4}},"123":{"start":{"line":124,"column":0},"end":{"line":124,"column":0}},"124":{"start":{"line":125,"column":0},"end":{"line":125,"column":38}},"125":{"start":{"line":126,"column":0},"end":{"line":126,"column":54}},"126":{"start":{"line":127,"column":0},"end":{"line":127,"column":61}},"127":{"start":{"line":128,"column":0},"end":{"line":128,"column":21}},"128":{"start":{"line":129,"column":0},"end":{"line":129,"column":4}},"129":{"start":{"line":130,"column":0},"end":{"line":130,"column":64}},"130":{"start":{"line":131,"column":0},"end":{"line":131,"column":54}},"131":{"start":{"line":132,"column":0},"end":{"line":132,"column":43}},"132":{"start":{"line":133,"column":0},"end":{"line":133,"column":41}},"133":{"start":{"line":134,"column":0},"end":{"line":134,"column":5}},"134":{"start":{"line":135,"column":0},"end":{"line":135,"column":0}},"135":{"start":{"line":136,"column":0},"end":{"line":136,"column":87}},"136":{"start":{"line":137,"column":0},"end":{"line":137,"column":80}},"137":{"start":{"line":138,"column":0},"end":{"line":138,"column":22}},"138":{"start":{"line":139,"column":0},"end":{"line":139,"column":4}},"139":{"start":{"line":140,"column":0},"end":{"line":140,"column":38}},"140":{"start":{"line":141,"column":0},"end":{"line":141,"column":71}},"141":{"start":{"line":142,"column":0},"end":{"line":142,"column":88}},"142":{"start":{"line":143,"column":0},"end":{"line":143,"column":22}},"143":{"start":{"line":144,"column":0},"end":{"line":144,"column":4}},"144":{"start":{"line":145,"column":0},"end":{"line":145,"column":2}},"145":{"start":{"line":146,"column":0},"end":{"line":146,"column":0}},"146":{"start":{"line":147,"column":0},"end":{"line":147,"column":53}},"147":{"start":{"line":148,"column":0},"end":{"line":148,"column":48}},"148":{"start":{"line":149,"column":0},"end":{"line":149,"column":1}},"149":{"start":{"line":150,"column":0},"end":{"line":150,"column":0}},"150":{"start":{"line":151,"column":0},"end":{"line":151,"column":0}},"151":{"start":{"line":152,"column":0},"end":{"line":152,"column":0}},"152":{"start":{"line":153,"column":0},"end":{"line":153,"column":25}},"153":{"start":{"line":154,"column":0},"end":{"line":154,"column":54}},"154":{"start":{"line":155,"column":0},"end":{"line":155,"column":0}},"155":{"start":{"line":156,"column":0},"end":{"line":156,"column":44}},"156":{"start":{"line":157,"column":0},"end":{"line":157,"column":33}},"157":{"start":{"line":158,"column":0},"end":{"line":158,"column":79}},"158":{"start":{"line":159,"column":0},"end":{"line":159,"column":7}},"159":{"start":{"line":160,"column":0},"end":{"line":160,"column":5}},"160":{"start":{"line":161,"column":0},"end":{"line":161,"column":44}},"161":{"start":{"line":162,"column":0},"end":{"line":162,"column":33}},"162":{"start":{"line":163,"column":0},"end":{"line":163,"column":82}},"163":{"start":{"line":164,"column":0},"end":{"line":164,"column":7}},"164":{"start":{"line":165,"column":0},"end":{"line":165,"column":5}},"165":{"start":{"line":166,"column":0},"end":{"line":166,"column":0}},"166":{"start":{"line":167,"column":0},"end":{"line":167,"column":1}}},"s":{"0":1,"1":1,"2":2,"3":2,"4":6,"5":6,"6":6,"7":2,"8":2,"9":1,"10":1,"11":1,"12":1,"13":1,"14":1,"15":2,"16":2,"17":2,"18":2,"19":2,"20":2,"21":2,"22":2,"23":2,"24":2,"25":2,"26":2,"27":1,"28":0,"29":0,"30":0,"31":0,"32":0,"33":0,"34":0,"35":0,"36":0,"37":0,"38":0,"39":0,"40":0,"41":0,"42":0,"43":0,"44":0,"45":0,"46":0,"47":0,"48":0,"49":0,"50":0,"51":0,"52":0,"53":0,"54":1,"55":0,"56":0,"57":0,"58":0,"59":0,"60":0,"61":0,"62":0,"63":0,"64":0,"65":0,"66":0,"67":0,"68":0,"69":0,"70":0,"71":0,"72":0,"73":0,"74":0,"75":0,"76":0,"77":0,"78":0,"79":0,"80":0,"81":0,"82":0,"83":0,"84":0,"85":0,"86":0,"87":0,"88":0,"89":0,"90":0,"91":0,"92":0,"93":0,"94":0,"95":0,"96":0,"97":0,"98":0,"99":0,"100":0,"101":0,"102":0,"103":0,"104":0,"105":1,"106":0,"107":0,"108":1,"109":0,"110":0,"111":0,"112":0,"113":0,"114":0,"115":0,"116":0,"117":0,"118":0,"119":0,"120":0,"121":0,"122":0,"123":1,"124":1,"125":0,"126":0,"127":0,"128":0,"129":1,"130":0,"131":0,"132":0,"133":0,"134":0,"135":0,"136":0,"137":0,"138":0,"139":1,"140":0,"141":0,"142":0,"143":0,"144":1,"145":1,"146":0,"147":0,"148":0,"149":1,"150":1,"151":1,"152":1,"153":1,"154":1,"155":1,"156":1,"157":1,"158":1,"159":1,"160":1,"161":1,"162":1,"163":1,"164":1,"165":1,"166":1},"branchMap":{"0":{"type":"branch","line":2,"loc":{"start":{"line":2,"column":2},"end":{"line":27,"column":4}},"locations":[{"start":{"line":2,"column":2},"end":{"line":27,"column":4}}]},"1":{"type":"branch","line":3,"loc":{"start":{"line":3,"column":4},"end":{"line":24,"column":5}},"locations":[{"start":{"line":3,"column":4},"end":{"line":24,"column":5}}]},"2":{"type":"branch","line":4,"loc":{"start":{"line":4,"column":6},"end":{"line":7,"column":7}},"locations":[{"start":{"line":4,"column":6},"end":{"line":7,"column":7}}]},"3":{"type":"branch","line":5,"loc":{"start":{"line":5,"column":59},"end":{"line":5,"column":78}},"locations":[{"start":{"line":5,"column":59},"end":{"line":5,"column":78}}]},"4":{"type":"branch","line":8,"loc":{"start":{"line":8,"column":6},"end":{"line":20,"column":7}},"locations":[{"start":{"line":8,"column":6},"end":{"line":20,"column":7}}]},"5":{"type":"branch","line":9,"loc":{"start":{"line":9,"column":33},"end":{"line":10,"column":13}},"locations":[{"start":{"line":9,"column":33},"end":{"line":10,"column":13}}]},"6":{"type":"branch","line":10,"loc":{"start":{"line":10,"column":12},"end":{"line":15,"column":13}},"locations":[{"start":{"line":10,"column":12},"end":{"line":15,"column":13}}]},"7":{"type":"branch","line":23,"loc":{"start":{"line":23,"column":27},"end":{"line":23,"column":57}},"locations":[{"start":{"line":23,"column":27},"end":{"line":23,"column":57}}]},"8":{"type":"branch","line":156,"loc":{"start":{"line":156,"column":37},"end":{"line":160,"column":5}},"locations":[{"start":{"line":156,"column":37},"end":{"line":160,"column":5}}]},"9":{"type":"branch","line":157,"loc":{"start":{"line":157,"column":26},"end":{"line":159,"column":7}},"locations":[{"start":{"line":157,"column":26},"end":{"line":159,"column":7}}]},"10":{"type":"branch","line":161,"loc":{"start":{"line":161,"column":37},"end":{"line":165,"column":5}},"locations":[{"start":{"line":161,"column":37},"end":{"line":165,"column":5}}]},"11":{"type":"branch","line":162,"loc":{"start":{"line":162,"column":26},"end":{"line":164,"column":7}},"locations":[{"start":{"line":162,"column":26},"end":{"line":164,"column":7}}]}},"b":{"0":[2],"1":[2],"2":[6],"3":[0],"4":[2],"5":[1],"6":[1],"7":[6],"8":[1],"9":[1],"10":[1],"11":[1]},"fnMap":{"0":{"name":"convertHexToSrgbArray","decl":{"start":{"line":2,"column":2},"end":{"line":27,"column":4}},"loc":{"start":{"line":2,"column":2},"end":{"line":27,"column":4}},"line":2},"1":{"name":"getSrgbArrayFromHexArray","decl":{"start":{"line":3,"column":4},"end":{"line":24,"column":5}},"loc":{"start":{"line":3,"column":4},"end":{"line":24,"column":5}},"line":3},"2":{"name":"hexDigitsToDecimal","decl":{"start":{"line":4,"column":6},"end":{"line":7,"column":7}},"loc":{"start":{"line":4,"column":6},"end":{"line":7,"column":7}},"line":4},"3":{"name":"splitHexString","decl":{"start":{"line":8,"column":6},"end":{"line":20,"column":7}},"loc":{"start":{"line":8,"column":6},"end":{"line":20,"column":7}},"line":8},"4":{"name":"convertSrgbToHslArray","decl":{"start":{"line":28,"column":2},"end":{"line":54,"column":4}},"loc":{"start":{"line":28,"column":2},"end":{"line":54,"column":4}},"line":28},"5":{"name":"convertHslArrayToHex","decl":{"start":{"line":55,"column":2},"end":{"line":105,"column":4}},"loc":{"start":{"line":55,"column":2},"end":{"line":105,"column":4}},"line":55},"6":{"name":"convertSrgbToHex","decl":{"start":{"line":106,"column":2},"end":{"line":108,"column":4}},"loc":{"start":{"line":106,"column":2},"end":{"line":108,"column":4}},"line":106},"7":{"name":"convertSrgbToLuminance","decl":{"start":{"line":109,"column":2},"end":{"line":123,"column":4}},"loc":{"start":{"line":109,"column":2},"end":{"line":123,"column":4}},"line":109},"8":{"name":"convertHexToLuminance","decl":{"start":{"line":125,"column":2},"end":{"line":129,"column":4}},"loc":{"start":{"line":125,"column":2},"end":{"line":129,"column":4}},"line":125},"9":{"name":"backgroundLuminanceToTextColour","decl":{"start":{"line":130,"column":2},"end":{"line":139,"column":4}},"loc":{"start":{"line":130,"column":2},"end":{"line":139,"column":4}},"line":130},"10":{"name":"autoTextColourFromHex","decl":{"start":{"line":140,"column":2},"end":{"line":144,"column":4}},"loc":{"start":{"line":140,"column":2},"end":{"line":144,"column":4}},"line":140},"11":{"name":"autoTextColour","decl":{"start":{"line":147,"column":0},"end":{"line":149,"column":1}},"loc":{"start":{"line":147,"column":0},"end":{"line":149,"column":1}},"line":147}},"f":{"0":2,"1":2,"2":6,"3":2,"4":0,"5":0,"6":0,"7":0,"8":0,"9":0,"10":0,"11":0}}
,"/home/gfunk/Documents/parsing-multi/src/utilities/formattedDate.tsx": {"path":"/home/gfunk/Documents/parsing-multi/src/utilities/formattedDate.tsx","all":false,"statementMap":{"0":{"start":{"line":1,"column":0},"end":{"line":1,"column":41}},"1":{"start":{"line":2,"column":0},"end":{"line":2,"column":29}},"2":{"start":{"line":3,"column":0},"end":{"line":3,"column":91}},"3":{"start":{"line":4,"column":0},"end":{"line":4,"column":15}},"4":{"start":{"line":5,"column":0},"end":{"line":5,"column":107}},"5":{"start":{"line":6,"column":0},"end":{"line":6,"column":17}},"6":{"start":{"line":7,"column":0},"end":{"line":7,"column":15}},"7":{"start":{"line":8,"column":0},"end":{"line":8,"column":24}},"8":{"start":{"line":9,"column":0},"end":{"line":9,"column":0}},"9":{"start":{"line":10,"column":0},"end":{"line":10,"column":14}},"10":{"start":{"line":11,"column":0},"end":{"line":11,"column":1}},"11":{"start":{"line":12,"column":0},"end":{"line":12,"column":0}},"12":{"start":{"line":13,"column":0},"end":{"line":13,"column":25}},"13":{"start":{"line":14,"column":0},"end":{"line":14,"column":54}},"14":{"start":{"line":15,"column":0},"end":{"line":15,"column":0}},"15":{"start":{"line":16,"column":0},"end":{"line":16,"column":36}},"16":{"start":{"line":17,"column":0},"end":{"line":17,"column":41}},"17":{"start":{"line":18,"column":0},"end":{"line":18,"column":76}},"18":{"start":{"line":19,"column":0},"end":{"line":19,"column":7}},"19":{"start":{"line":20,"column":0},"end":{"line":20,"column":5}},"20":{"start":{"line":21,"column":0},"end":{"line":21,"column":1}}},"s":{"0":1,"1":1,"2":1,"3":1,"4":1,"5":1,"6":1,"7":1,"8":1,"9":1,"10":1,"11":1,"12":1,"13":1,"14":1,"15":1,"16":1,"17":1,"18":1,"19":1,"20":1},"branchMap":{"0":{"type":"branch","line":1,"loc":{"start":{"line":1,"column":40},"end":{"line":11,"column":1}},"locations":[{"start":{"line":1,"column":40},"end":{"line":11,"column":1}}]},"1":{"type":"branch","line":16,"loc":{"start":{"line":16,"column":29},"end":{"line":20,"column":5}},"locations":[{"start":{"line":16,"column":29},"end":{"line":20,"column":5}}]},"2":{"type":"branch","line":17,"loc":{"start":{"line":17,"column":34},"end":{"line":19,"column":7}},"locations":[{"start":{"line":17,"column":34},"end":{"line":19,"column":7}}]}},"b":{"0":[1],"1":[1],"2":[1]},"fnMap":{"0":{"name":"formattedDate","decl":{"start":{"line":1,"column":40},"end":{"line":11,"column":1}},"loc":{"start":{"line":1,"column":40},"end":{"line":11,"column":1}},"line":1}},"f":{"0":1}}
}
