{"/home/gfunk/Documents/parsing-multi/src/utilities/autoTextColour.tsx": {"path":"/home/gfunk/Documents/parsing-multi/src/utilities/autoTextColour.tsx","all":false,"statementMap":{"0":{"start":{"line":1,"column":0},"end":{"line":1,"column":21}},"1":{"start":{"line":2,"column":0},"end":{"line":2,"column":34}},"2":{"start":{"line":3,"column":0},"end":{"line":3,"column":30}},"3":{"start":{"line":4,"column":0},"end":{"line":4,"column":9}},"4":{"start":{"line":5,"column":0},"end":{"line":5,"column":33}},"5":{"start":{"line":6,"column":0},"end":{"line":6,"column":33}},"6":{"start":{"line":7,"column":0},"end":{"line":7,"column":33}},"7":{"start":{"line":8,"column":0},"end":{"line":8,"column":9}},"8":{"start":{"line":9,"column":0},"end":{"line":9,"column":9}},"9":{"start":{"line":10,"column":0},"end":{"line":10,"column":33}},"10":{"start":{"line":11,"column":0},"end":{"line":11,"column":33}},"11":{"start":{"line":12,"column":0},"end":{"line":12,"column":33}},"12":{"start":{"line":13,"column":0},"end":{"line":13,"column":10}},"13":{"start":{"line":14,"column":0},"end":{"line":14,"column":4}},"14":{"start":{"line":15,"column":0},"end":{"line":15,"column":45}},"15":{"start":{"line":16,"column":0},"end":{"line":16,"column":76}},"16":{"start":{"line":17,"column":0},"end":{"line":17,"column":27}},"17":{"start":{"line":18,"column":0},"end":{"line":18,"column":4}},"18":{"start":{"line":19,"column":0},"end":{"line":19,"column":42}},"19":{"start":{"line":20,"column":0},"end":{"line":20,"column":53}},"20":{"start":{"line":21,"column":0},"end":{"line":21,"column":76}},"21":{"start":{"line":22,"column":0},"end":{"line":22,"column":4}},"22":{"start":{"line":23,"column":0},"end":{"line":23,"column":40}},"23":{"start":{"line":24,"column":0},"end":{"line":24,"column":67}},"24":{"start":{"line":25,"column":0},"end":{"line":25,"column":21}},"25":{"start":{"line":26,"column":0},"end":{"line":26,"column":4}},"26":{"start":{"line":27,"column":0},"end":{"line":27,"column":46}},"27":{"start":{"line":28,"column":0},"end":{"line":28,"column":59}},"28":{"start":{"line":29,"column":0},"end":{"line":29,"column":4}},"29":{"start":{"line":30,"column":0},"end":{"line":30,"column":0}},"30":{"start":{"line":31,"column":0},"end":{"line":31,"column":51}},"31":{"start":{"line":32,"column":0},"end":{"line":32,"column":73}},"32":{"start":{"line":33,"column":0},"end":{"line":33,"column":0}},"33":{"start":{"line":34,"column":0},"end":{"line":34,"column":44}},"34":{"start":{"line":35,"column":0},"end":{"line":35,"column":44}},"35":{"start":{"line":36,"column":0},"end":{"line":36,"column":30}},"36":{"start":{"line":37,"column":0},"end":{"line":37,"column":16}},"37":{"start":{"line":38,"column":0},"end":{"line":38,"column":16}},"38":{"start":{"line":39,"column":0},"end":{"line":39,"column":16}},"39":{"start":{"line":40,"column":0},"end":{"line":40,"column":35}},"40":{"start":{"line":41,"column":0},"end":{"line":41,"column":29}},"41":{"start":{"line":42,"column":0},"end":{"line":42,"column":62}},"42":{"start":{"line":43,"column":0},"end":{"line":43,"column":60}},"43":{"start":{"line":44,"column":0},"end":{"line":44,"column":41}},"44":{"start":{"line":45,"column":0},"end":{"line":45,"column":0}},"45":{"start":{"line":46,"column":0},"end":{"line":46,"column":14}},"46":{"start":{"line":47,"column":0},"end":{"line":47,"column":0}},"47":{"start":{"line":48,"column":0},"end":{"line":48,"column":28}},"48":{"start":{"line":49,"column":0},"end":{"line":49,"column":88}},"49":{"start":{"line":50,"column":0},"end":{"line":50,"column":30}},"50":{"start":{"line":51,"column":0},"end":{"line":51,"column":23}},"51":{"start":{"line":52,"column":0},"end":{"line":52,"column":30}},"52":{"start":{"line":53,"column":0},"end":{"line":53,"column":23}},"53":{"start":{"line":54,"column":0},"end":{"line":54,"column":37}},"54":{"start":{"line":55,"column":0},"end":{"line":55,"column":0}},"55":{"start":{"line":56,"column":0},"end":{"line":56,"column":20}},"56":{"start":{"line":57,"column":0},"end":{"line":57,"column":4}},"57":{"start":{"line":58,"column":0},"end":{"line":58,"column":49}},"58":{"start":{"line":59,"column":0},"end":{"line":59,"column":27}},"59":{"start":{"line":60,"column":0},"end":{"line":60,"column":32}},"60":{"start":{"line":61,"column":0},"end":{"line":61,"column":0}},"61":{"start":{"line":62,"column":0},"end":{"line":62,"column":15}},"62":{"start":{"line":63,"column":0},"end":{"line":63,"column":15}},"63":{"start":{"line":64,"column":0},"end":{"line":64,"column":0}},"64":{"start":{"line":65,"column":0},"end":{"line":65,"column":53}},"65":{"start":{"line":66,"column":0},"end":{"line":66,"column":60}},"66":{"start":{"line":67,"column":0},"end":{"line":67,"column":39}},"67":{"start":{"line":68,"column":0},"end":{"line":68,"column":16}},"68":{"start":{"line":69,"column":0},"end":{"line":69,"column":18}},"69":{"start":{"line":70,"column":0},"end":{"line":70,"column":17}},"70":{"start":{"line":71,"column":0},"end":{"line":71,"column":0}},"71":{"start":{"line":72,"column":0},"end":{"line":72,"column":31}},"72":{"start":{"line":73,"column":0},"end":{"line":73,"column":19}},"73":{"start":{"line":74,"column":0},"end":{"line":74,"column":16}},"74":{"start":{"line":75,"column":0},"end":{"line":75,"column":15}},"75":{"start":{"line":76,"column":0},"end":{"line":76,"column":40}},"76":{"start":{"line":77,"column":0},"end":{"line":77,"column":14}},"77":{"start":{"line":78,"column":0},"end":{"line":78,"column":21}},"78":{"start":{"line":79,"column":0},"end":{"line":79,"column":15}},"79":{"start":{"line":80,"column":0},"end":{"line":80,"column":41}},"80":{"start":{"line":81,"column":0},"end":{"line":81,"column":14}},"81":{"start":{"line":82,"column":0},"end":{"line":82,"column":21}},"82":{"start":{"line":83,"column":0},"end":{"line":83,"column":15}},"83":{"start":{"line":84,"column":0},"end":{"line":84,"column":41}},"84":{"start":{"line":85,"column":0},"end":{"line":85,"column":14}},"85":{"start":{"line":86,"column":0},"end":{"line":86,"column":16}},"86":{"start":{"line":87,"column":0},"end":{"line":87,"column":20}},"87":{"start":{"line":88,"column":0},"end":{"line":88,"column":41}},"88":{"start":{"line":89,"column":0},"end":{"line":89,"column":14}},"89":{"start":{"line":90,"column":0},"end":{"line":90,"column":16}},"90":{"start":{"line":91,"column":0},"end":{"line":91,"column":20}},"91":{"start":{"line":92,"column":0},"end":{"line":92,"column":42}},"92":{"start":{"line":93,"column":0},"end":{"line":93,"column":19}},"93":{"start":{"line":94,"column":0},"end":{"line":94,"column":16}},"94":{"start":{"line":95,"column":0},"end":{"line":95,"column":15}},"95":{"start":{"line":96,"column":0},"end":{"line":96,"column":5}},"96":{"start":{"line":97,"column":0},"end":{"line":97,"column":51}},"97":{"start":{"line":98,"column":0},"end":{"line":98,"column":66}},"98":{"start":{"line":99,"column":0},"end":{"line":99,"column":70}},"99":{"start":{"line":100,"column":0},"end":{"line":100,"column":68}},"100":{"start":{"line":101,"column":0},"end":{"line":101,"column":0}},"101":{"start":{"line":102,"column":0},"end":{"line":102,"column":31}},"102":{"start":{"line":103,"column":0},"end":{"line":103,"column":51}},"103":{"start":{"line":104,"column":0},"end":{"line":104,"column":57}},"104":{"start":{"line":105,"column":0},"end":{"line":105,"column":54}},"105":{"start":{"line":106,"column":0},"end":{"line":106,"column":50}},"106":{"start":{"line":107,"column":0},"end":{"line":107,"column":15}},"107":{"start":{"line":108,"column":0},"end":{"line":108,"column":4}},"108":{"start":{"line":109,"column":0},"end":{"line":109,"column":46}},"109":{"start":{"line":110,"column":0},"end":{"line":110,"column":76}},"110":{"start":{"line":111,"column":0},"end":{"line":111,"column":4}},"111":{"start":{"line":112,"column":0},"end":{"line":112,"column":47}},"112":{"start":{"line":113,"column":0},"end":{"line":113,"column":47}},"113":{"start":{"line":114,"column":0},"end":{"line":114,"column":81}},"114":{"start":{"line":115,"column":0},"end":{"line":115,"column":5}},"115":{"start":{"line":116,"column":0},"end":{"line":116,"column":63}},"116":{"start":{"line":117,"column":0},"end":{"line":117,"column":29}},"117":{"start":{"line":118,"column":0},"end":{"line":118,"column":31}},"118":{"start":{"line":119,"column":0},"end":{"line":119,"column":30}},"119":{"start":{"line":120,"column":0},"end":{"line":120,"column":56}},"120":{"start":{"line":121,"column":0},"end":{"line":121,"column":5}},"121":{"start":{"line":122,"column":0},"end":{"line":122,"column":0}},"122":{"start":{"line":123,"column":0},"end":{"line":123,"column":50}},"123":{"start":{"line":124,"column":0},"end":{"line":124,"column":44}},"124":{"start":{"line":125,"column":0},"end":{"line":125,"column":18}},"125":{"start":{"line":126,"column":0},"end":{"line":126,"column":4}},"126":{"start":{"line":127,"column":0},"end":{"line":127,"column":0}},"127":{"start":{"line":128,"column":0},"end":{"line":128,"column":38}},"128":{"start":{"line":129,"column":0},"end":{"line":129,"column":54}},"129":{"start":{"line":130,"column":0},"end":{"line":130,"column":61}},"130":{"start":{"line":131,"column":0},"end":{"line":131,"column":21}},"131":{"start":{"line":132,"column":0},"end":{"line":132,"column":4}},"132":{"start":{"line":133,"column":0},"end":{"line":133,"column":64}},"133":{"start":{"line":134,"column":0},"end":{"line":134,"column":54}},"134":{"start":{"line":135,"column":0},"end":{"line":135,"column":43}},"135":{"start":{"line":136,"column":0},"end":{"line":136,"column":41}},"136":{"start":{"line":137,"column":0},"end":{"line":137,"column":5}},"137":{"start":{"line":138,"column":0},"end":{"line":138,"column":0}},"138":{"start":{"line":139,"column":0},"end":{"line":139,"column":87}},"139":{"start":{"line":140,"column":0},"end":{"line":140,"column":80}},"140":{"start":{"line":141,"column":0},"end":{"line":141,"column":22}},"141":{"start":{"line":142,"column":0},"end":{"line":142,"column":4}},"142":{"start":{"line":143,"column":0},"end":{"line":143,"column":38}},"143":{"start":{"line":144,"column":0},"end":{"line":144,"column":71}},"144":{"start":{"line":145,"column":0},"end":{"line":145,"column":88}},"145":{"start":{"line":146,"column":0},"end":{"line":146,"column":22}},"146":{"start":{"line":147,"column":0},"end":{"line":147,"column":4}},"147":{"start":{"line":148,"column":0},"end":{"line":148,"column":2}},"148":{"start":{"line":149,"column":0},"end":{"line":149,"column":0}},"149":{"start":{"line":150,"column":0},"end":{"line":150,"column":53}},"150":{"start":{"line":151,"column":0},"end":{"line":151,"column":48}},"151":{"start":{"line":152,"column":0},"end":{"line":152,"column":1}},"152":{"start":{"line":153,"column":0},"end":{"line":153,"column":0}},"153":{"start":{"line":154,"column":0},"end":{"line":154,"column":25}},"154":{"start":{"line":155,"column":0},"end":{"line":155,"column":54}},"155":{"start":{"line":156,"column":0},"end":{"line":156,"column":0}},"156":{"start":{"line":157,"column":0},"end":{"line":157,"column":37}},"157":{"start":{"line":158,"column":0},"end":{"line":158,"column":33}},"158":{"start":{"line":159,"column":0},"end":{"line":159,"column":64}},"159":{"start":{"line":160,"column":0},"end":{"line":160,"column":19}},"160":{"start":{"line":161,"column":0},"end":{"line":161,"column":19}},"161":{"start":{"line":162,"column":0},"end":{"line":162,"column":19}},"162":{"start":{"line":163,"column":0},"end":{"line":163,"column":9}},"163":{"start":{"line":164,"column":0},"end":{"line":164,"column":7}},"164":{"start":{"line":165,"column":0},"end":{"line":165,"column":5}},"165":{"start":{"line":166,"column":0},"end":{"line":166,"column":41}},"166":{"start":{"line":167,"column":0},"end":{"line":167,"column":34}},"167":{"start":{"line":168,"column":0},"end":{"line":168,"column":65}},"168":{"start":{"line":169,"column":0},"end":{"line":169,"column":7}},"169":{"start":{"line":170,"column":0},"end":{"line":170,"column":5}},"170":{"start":{"line":171,"column":0},"end":{"line":171,"column":41}},"171":{"start":{"line":172,"column":0},"end":{"line":172,"column":34}},"172":{"start":{"line":173,"column":0},"end":{"line":173,"column":60}},"173":{"start":{"line":174,"column":0},"end":{"line":174,"column":7}},"174":{"start":{"line":175,"column":0},"end":{"line":175,"column":5}},"175":{"start":{"line":176,"column":0},"end":{"line":176,"column":0}},"176":{"start":{"line":177,"column":0},"end":{"line":177,"column":44}},"177":{"start":{"line":178,"column":0},"end":{"line":178,"column":33}},"178":{"start":{"line":179,"column":0},"end":{"line":179,"column":81}},"179":{"start":{"line":180,"column":0},"end":{"line":180,"column":7}},"180":{"start":{"line":181,"column":0},"end":{"line":181,"column":5}},"181":{"start":{"line":182,"column":0},"end":{"line":182,"column":0}},"182":{"start":{"line":183,"column":0},"end":{"line":183,"column":44}},"183":{"start":{"line":184,"column":0},"end":{"line":184,"column":32}},"184":{"start":{"line":185,"column":0},"end":{"line":185,"column":84}},"185":{"start":{"line":186,"column":0},"end":{"line":186,"column":7}},"186":{"start":{"line":187,"column":0},"end":{"line":187,"column":5}},"187":{"start":{"line":188,"column":0},"end":{"line":188,"column":0}},"188":{"start":{"line":189,"column":0},"end":{"line":189,"column":44}},"189":{"start":{"line":190,"column":0},"end":{"line":190,"column":33}},"190":{"start":{"line":191,"column":0},"end":{"line":191,"column":84}},"191":{"start":{"line":192,"column":0},"end":{"line":192,"column":7}},"192":{"start":{"line":193,"column":0},"end":{"line":193,"column":5}},"193":{"start":{"line":194,"column":0},"end":{"line":194,"column":0}},"194":{"start":{"line":195,"column":0},"end":{"line":195,"column":10}},"195":{"start":{"line":196,"column":0},"end":{"line":196,"column":45}},"196":{"start":{"line":197,"column":0},"end":{"line":197,"column":28}},"197":{"start":{"line":198,"column":0},"end":{"line":198,"column":31}},"198":{"start":{"line":199,"column":0},"end":{"line":199,"column":36}},"199":{"start":{"line":200,"column":0},"end":{"line":200,"column":38}},"200":{"start":{"line":201,"column":0},"end":{"line":201,"column":67}},"201":{"start":{"line":202,"column":0},"end":{"line":202,"column":9}},"202":{"start":{"line":203,"column":0},"end":{"line":203,"column":7}},"203":{"start":{"line":204,"column":0},"end":{"line":204,"column":7}},"204":{"start":{"line":205,"column":0},"end":{"line":205,"column":0}},"205":{"start":{"line":206,"column":0},"end":{"line":206,"column":10}},"206":{"start":{"line":207,"column":0},"end":{"line":207,"column":45}},"207":{"start":{"line":208,"column":0},"end":{"line":208,"column":28}},"208":{"start":{"line":209,"column":0},"end":{"line":209,"column":29}},"209":{"start":{"line":210,"column":0},"end":{"line":210,"column":36}},"210":{"start":{"line":211,"column":0},"end":{"line":211,"column":38}},"211":{"start":{"line":212,"column":0},"end":{"line":212,"column":67}},"212":{"start":{"line":213,"column":0},"end":{"line":213,"column":9}},"213":{"start":{"line":214,"column":0},"end":{"line":214,"column":7}},"214":{"start":{"line":215,"column":0},"end":{"line":215,"column":7}},"215":{"start":{"line":216,"column":0},"end":{"line":216,"column":0}},"216":{"start":{"line":217,"column":0},"end":{"line":217,"column":10}},"217":{"start":{"line":218,"column":0},"end":{"line":218,"column":45}},"218":{"start":{"line":219,"column":0},"end":{"line":219,"column":28}},"219":{"start":{"line":220,"column":0},"end":{"line":220,"column":32}},"220":{"start":{"line":221,"column":0},"end":{"line":221,"column":36}},"221":{"start":{"line":222,"column":0},"end":{"line":222,"column":38}},"222":{"start":{"line":223,"column":0},"end":{"line":223,"column":67}},"223":{"start":{"line":224,"column":0},"end":{"line":224,"column":9}},"224":{"start":{"line":225,"column":0},"end":{"line":225,"column":7}},"225":{"start":{"line":226,"column":0},"end":{"line":226,"column":7}},"226":{"start":{"line":227,"column":0},"end":{"line":227,"column":0}},"227":{"start":{"line":228,"column":0},"end":{"line":228,"column":10}},"228":{"start":{"line":229,"column":0},"end":{"line":229,"column":45}},"229":{"start":{"line":230,"column":0},"end":{"line":230,"column":30}},"230":{"start":{"line":231,"column":0},"end":{"line":231,"column":32}},"231":{"start":{"line":232,"column":0},"end":{"line":232,"column":36}},"232":{"start":{"line":233,"column":0},"end":{"line":233,"column":38}},"233":{"start":{"line":234,"column":0},"end":{"line":234,"column":67}},"234":{"start":{"line":235,"column":0},"end":{"line":235,"column":9}},"235":{"start":{"line":236,"column":0},"end":{"line":236,"column":7}},"236":{"start":{"line":237,"column":0},"end":{"line":237,"column":7}},"237":{"start":{"line":238,"column":0},"end":{"line":238,"column":0}},"238":{"start":{"line":239,"column":0},"end":{"line":239,"column":10}},"239":{"start":{"line":240,"column":0},"end":{"line":240,"column":45}},"240":{"start":{"line":241,"column":0},"end":{"line":241,"column":34}},"241":{"start":{"line":242,"column":0},"end":{"line":242,"column":30}},"242":{"start":{"line":243,"column":0},"end":{"line":243,"column":36}},"243":{"start":{"line":244,"column":0},"end":{"line":244,"column":38}},"244":{"start":{"line":245,"column":0},"end":{"line":245,"column":67}},"245":{"start":{"line":246,"column":0},"end":{"line":246,"column":9}},"246":{"start":{"line":247,"column":0},"end":{"line":247,"column":7}},"247":{"start":{"line":248,"column":0},"end":{"line":248,"column":7}},"248":{"start":{"line":249,"column":0},"end":{"line":249,"column":0}},"249":{"start":{"line":250,"column":0},"end":{"line":250,"column":10}},"250":{"start":{"line":251,"column":0},"end":{"line":251,"column":45}},"251":{"start":{"line":252,"column":0},"end":{"line":252,"column":30}},"252":{"start":{"line":253,"column":0},"end":{"line":253,"column":31}},"253":{"start":{"line":254,"column":0},"end":{"line":254,"column":36}},"254":{"start":{"line":255,"column":0},"end":{"line":255,"column":38}},"255":{"start":{"line":256,"column":0},"end":{"line":256,"column":67}},"256":{"start":{"line":257,"column":0},"end":{"line":257,"column":9}},"257":{"start":{"line":258,"column":0},"end":{"line":258,"column":7}},"258":{"start":{"line":259,"column":0},"end":{"line":259,"column":7}},"259":{"start":{"line":260,"column":0},"end":{"line":260,"column":0}},"260":{"start":{"line":261,"column":0},"end":{"line":261,"column":10}},"261":{"start":{"line":262,"column":0},"end":{"line":262,"column":45}},"262":{"start":{"line":263,"column":0},"end":{"line":263,"column":28}},"263":{"start":{"line":264,"column":0},"end":{"line":264,"column":34}},"264":{"start":{"line":265,"column":0},"end":{"line":265,"column":36}},"265":{"start":{"line":266,"column":0},"end":{"line":266,"column":38}},"266":{"start":{"line":267,"column":0},"end":{"line":267,"column":67}},"267":{"start":{"line":268,"column":0},"end":{"line":268,"column":9}},"268":{"start":{"line":269,"column":0},"end":{"line":269,"column":7}},"269":{"start":{"line":270,"column":0},"end":{"line":270,"column":7}},"270":{"start":{"line":271,"column":0},"end":{"line":271,"column":0}},"271":{"start":{"line":272,"column":0},"end":{"line":272,"column":10}},"272":{"start":{"line":273,"column":0},"end":{"line":273,"column":44}},"273":{"start":{"line":274,"column":0},"end":{"line":274,"column":31}},"274":{"start":{"line":275,"column":0},"end":{"line":275,"column":29}},"275":{"start":{"line":276,"column":0},"end":{"line":276,"column":36}},"276":{"start":{"line":277,"column":0},"end":{"line":277,"column":38}},"277":{"start":{"line":278,"column":0},"end":{"line":278,"column":67}},"278":{"start":{"line":279,"column":0},"end":{"line":279,"column":9}},"279":{"start":{"line":280,"column":0},"end":{"line":280,"column":7}},"280":{"start":{"line":281,"column":0},"end":{"line":281,"column":7}},"281":{"start":{"line":282,"column":0},"end":{"line":282,"column":0}},"282":{"start":{"line":283,"column":0},"end":{"line":283,"column":10}},"283":{"start":{"line":284,"column":0},"end":{"line":284,"column":44}},"284":{"start":{"line":285,"column":0},"end":{"line":285,"column":28}},"285":{"start":{"line":286,"column":0},"end":{"line":286,"column":29}},"286":{"start":{"line":287,"column":0},"end":{"line":287,"column":36}},"287":{"start":{"line":288,"column":0},"end":{"line":288,"column":38}},"288":{"start":{"line":289,"column":0},"end":{"line":289,"column":67}},"289":{"start":{"line":290,"column":0},"end":{"line":290,"column":9}},"290":{"start":{"line":291,"column":0},"end":{"line":291,"column":7}},"291":{"start":{"line":292,"column":0},"end":{"line":292,"column":7}},"292":{"start":{"line":293,"column":0},"end":{"line":293,"column":0}},"293":{"start":{"line":294,"column":0},"end":{"line":294,"column":10}},"294":{"start":{"line":295,"column":0},"end":{"line":295,"column":44}},"295":{"start":{"line":296,"column":0},"end":{"line":296,"column":33}},"296":{"start":{"line":297,"column":0},"end":{"line":297,"column":29}},"297":{"start":{"line":298,"column":0},"end":{"line":298,"column":36}},"298":{"start":{"line":299,"column":0},"end":{"line":299,"column":38}},"299":{"start":{"line":300,"column":0},"end":{"line":300,"column":67}},"300":{"start":{"line":301,"column":0},"end":{"line":301,"column":9}},"301":{"start":{"line":302,"column":0},"end":{"line":302,"column":7}},"302":{"start":{"line":303,"column":0},"end":{"line":303,"column":7}},"303":{"start":{"line":304,"column":0},"end":{"line":304,"column":0}},"304":{"start":{"line":305,"column":0},"end":{"line":305,"column":10}},"305":{"start":{"line":306,"column":0},"end":{"line":306,"column":44}},"306":{"start":{"line":307,"column":0},"end":{"line":307,"column":33}},"307":{"start":{"line":308,"column":0},"end":{"line":308,"column":29}},"308":{"start":{"line":309,"column":0},"end":{"line":309,"column":36}},"309":{"start":{"line":310,"column":0},"end":{"line":310,"column":38}},"310":{"start":{"line":311,"column":0},"end":{"line":311,"column":67}},"311":{"start":{"line":312,"column":0},"end":{"line":312,"column":9}},"312":{"start":{"line":313,"column":0},"end":{"line":313,"column":7}},"313":{"start":{"line":314,"column":0},"end":{"line":314,"column":7}},"314":{"start":{"line":315,"column":0},"end":{"line":315,"column":0}},"315":{"start":{"line":316,"column":0},"end":{"line":316,"column":10}},"316":{"start":{"line":317,"column":0},"end":{"line":317,"column":44}},"317":{"start":{"line":318,"column":0},"end":{"line":318,"column":33}},"318":{"start":{"line":319,"column":0},"end":{"line":319,"column":29}},"319":{"start":{"line":320,"column":0},"end":{"line":320,"column":36}},"320":{"start":{"line":321,"column":0},"end":{"line":321,"column":38}},"321":{"start":{"line":322,"column":0},"end":{"line":322,"column":67}},"322":{"start":{"line":323,"column":0},"end":{"line":323,"column":9}},"323":{"start":{"line":324,"column":0},"end":{"line":324,"column":7}},"324":{"start":{"line":325,"column":0},"end":{"line":325,"column":7}},"325":{"start":{"line":326,"column":0},"end":{"line":326,"column":0}},"326":{"start":{"line":327,"column":0},"end":{"line":327,"column":10}},"327":{"start":{"line":328,"column":0},"end":{"line":328,"column":40}},"328":{"start":{"line":329,"column":0},"end":{"line":329,"column":28}},"329":{"start":{"line":330,"column":0},"end":{"line":330,"column":29}},"330":{"start":{"line":331,"column":0},"end":{"line":331,"column":36}},"331":{"start":{"line":332,"column":0},"end":{"line":332,"column":38}},"332":{"start":{"line":333,"column":0},"end":{"line":333,"column":67}},"333":{"start":{"line":334,"column":0},"end":{"line":334,"column":9}},"334":{"start":{"line":335,"column":0},"end":{"line":335,"column":7}},"335":{"start":{"line":336,"column":0},"end":{"line":336,"column":7}},"336":{"start":{"line":337,"column":0},"end":{"line":337,"column":0}},"337":{"start":{"line":338,"column":0},"end":{"line":338,"column":10}},"338":{"start":{"line":339,"column":0},"end":{"line":339,"column":40}},"339":{"start":{"line":340,"column":0},"end":{"line":340,"column":28}},"340":{"start":{"line":341,"column":0},"end":{"line":341,"column":29}},"341":{"start":{"line":342,"column":0},"end":{"line":342,"column":36}},"342":{"start":{"line":343,"column":0},"end":{"line":343,"column":38}},"343":{"start":{"line":344,"column":0},"end":{"line":344,"column":67}},"344":{"start":{"line":345,"column":0},"end":{"line":345,"column":9}},"345":{"start":{"line":346,"column":0},"end":{"line":346,"column":7}},"346":{"start":{"line":347,"column":0},"end":{"line":347,"column":7}},"347":{"start":{"line":348,"column":0},"end":{"line":348,"column":0}},"348":{"start":{"line":349,"column":0},"end":{"line":349,"column":10}},"349":{"start":{"line":350,"column":0},"end":{"line":350,"column":40}},"350":{"start":{"line":351,"column":0},"end":{"line":351,"column":28}},"351":{"start":{"line":352,"column":0},"end":{"line":352,"column":29}},"352":{"start":{"line":353,"column":0},"end":{"line":353,"column":36}},"353":{"start":{"line":354,"column":0},"end":{"line":354,"column":38}},"354":{"start":{"line":355,"column":0},"end":{"line":355,"column":67}},"355":{"start":{"line":356,"column":0},"end":{"line":356,"column":9}},"356":{"start":{"line":357,"column":0},"end":{"line":357,"column":7}},"357":{"start":{"line":358,"column":0},"end":{"line":358,"column":7}},"358":{"start":{"line":359,"column":0},"end":{"line":359,"column":0}},"359":{"start":{"line":360,"column":0},"end":{"line":360,"column":10}},"360":{"start":{"line":361,"column":0},"end":{"line":361,"column":46}},"361":{"start":{"line":362,"column":0},"end":{"line":362,"column":28}},"362":{"start":{"line":363,"column":0},"end":{"line":363,"column":21}},"363":{"start":{"line":364,"column":0},"end":{"line":364,"column":36}},"364":{"start":{"line":365,"column":0},"end":{"line":365,"column":38}},"365":{"start":{"line":366,"column":0},"end":{"line":366,"column":67}},"366":{"start":{"line":367,"column":0},"end":{"line":367,"column":9}},"367":{"start":{"line":368,"column":0},"end":{"line":368,"column":7}},"368":{"start":{"line":369,"column":0},"end":{"line":369,"column":7}},"369":{"start":{"line":370,"column":0},"end":{"line":370,"column":0}},"370":{"start":{"line":371,"column":0},"end":{"line":371,"column":10}},"371":{"start":{"line":372,"column":0},"end":{"line":372,"column":46}},"372":{"start":{"line":373,"column":0},"end":{"line":373,"column":28}},"373":{"start":{"line":374,"column":0},"end":{"line":374,"column":21}},"374":{"start":{"line":375,"column":0},"end":{"line":375,"column":36}},"375":{"start":{"line":376,"column":0},"end":{"line":376,"column":38}},"376":{"start":{"line":377,"column":0},"end":{"line":377,"column":67}},"377":{"start":{"line":378,"column":0},"end":{"line":378,"column":9}},"378":{"start":{"line":379,"column":0},"end":{"line":379,"column":7}},"379":{"start":{"line":380,"column":0},"end":{"line":380,"column":7}},"380":{"start":{"line":381,"column":0},"end":{"line":381,"column":0}},"381":{"start":{"line":382,"column":0},"end":{"line":382,"column":10}},"382":{"start":{"line":383,"column":0},"end":{"line":383,"column":45}},"383":{"start":{"line":384,"column":0},"end":{"line":384,"column":25}},"384":{"start":{"line":385,"column":0},"end":{"line":385,"column":21}},"385":{"start":{"line":386,"column":0},"end":{"line":386,"column":36}},"386":{"start":{"line":387,"column":0},"end":{"line":387,"column":38}},"387":{"start":{"line":388,"column":0},"end":{"line":388,"column":67}},"388":{"start":{"line":389,"column":0},"end":{"line":389,"column":9}},"389":{"start":{"line":390,"column":0},"end":{"line":390,"column":7}},"390":{"start":{"line":391,"column":0},"end":{"line":391,"column":7}},"391":{"start":{"line":392,"column":0},"end":{"line":392,"column":0}},"392":{"start":{"line":393,"column":0},"end":{"line":393,"column":10}},"393":{"start":{"line":394,"column":0},"end":{"line":394,"column":55}},"394":{"start":{"line":395,"column":0},"end":{"line":395,"column":20}},"395":{"start":{"line":396,"column":0},"end":{"line":396,"column":29}},"396":{"start":{"line":397,"column":0},"end":{"line":397,"column":36}},"397":{"start":{"line":398,"column":0},"end":{"line":398,"column":38}},"398":{"start":{"line":399,"column":0},"end":{"line":399,"column":67}},"399":{"start":{"line":400,"column":0},"end":{"line":400,"column":9}},"400":{"start":{"line":401,"column":0},"end":{"line":401,"column":7}},"401":{"start":{"line":402,"column":0},"end":{"line":402,"column":7}},"402":{"start":{"line":403,"column":0},"end":{"line":403,"column":0}},"403":{"start":{"line":404,"column":0},"end":{"line":404,"column":10}},"404":{"start":{"line":405,"column":0},"end":{"line":405,"column":45}},"405":{"start":{"line":406,"column":0},"end":{"line":406,"column":28}},"406":{"start":{"line":407,"column":0},"end":{"line":407,"column":29}},"407":{"start":{"line":408,"column":0},"end":{"line":408,"column":36}},"408":{"start":{"line":409,"column":0},"end":{"line":409,"column":38}},"409":{"start":{"line":410,"column":0},"end":{"line":410,"column":67}},"410":{"start":{"line":411,"column":0},"end":{"line":411,"column":9}},"411":{"start":{"line":412,"column":0},"end":{"line":412,"column":7}},"412":{"start":{"line":413,"column":0},"end":{"line":413,"column":7}},"413":{"start":{"line":414,"column":0},"end":{"line":414,"column":0}},"414":{"start":{"line":415,"column":0},"end":{"line":415,"column":10}},"415":{"start":{"line":416,"column":0},"end":{"line":416,"column":38}},"416":{"start":{"line":417,"column":0},"end":{"line":417,"column":28}},"417":{"start":{"line":418,"column":0},"end":{"line":418,"column":29}},"418":{"start":{"line":419,"column":0},"end":{"line":419,"column":36}},"419":{"start":{"line":420,"column":0},"end":{"line":420,"column":38}},"420":{"start":{"line":421,"column":0},"end":{"line":421,"column":60}},"421":{"start":{"line":422,"column":0},"end":{"line":422,"column":9}},"422":{"start":{"line":423,"column":0},"end":{"line":423,"column":7}},"423":{"start":{"line":424,"column":0},"end":{"line":424,"column":7}},"424":{"start":{"line":425,"column":0},"end":{"line":425,"column":1}}},"s":{"0":1,"1":1,"2":7,"3":4,"4":3,"5":3,"6":3,"7":3,"8":3,"9":7,"10":7,"11":7,"12":7,"13":7,"14":1,"15":20,"16":20,"17":20,"18":1,"19":6,"20":6,"21":6,"22":1,"23":6,"24":6,"25":6,"26":1,"27":10,"28":10,"29":1,"30":1,"31":10,"32":10,"33":10,"34":10,"35":10,"36":10,"37":10,"38":10,"39":10,"40":10,"41":6,"42":2,"43":1,"44":10,"45":10,"46":10,"47":10,"48":10,"49":10,"50":10,"51":10,"52":10,"53":10,"54":10,"55":10,"56":10,"57":1,"58":8,"59":8,"60":8,"61":8,"62":8,"63":8,"64":8,"65":8,"66":8,"67":8,"68":8,"69":8,"70":8,"71":8,"72":3,"73":3,"74":3,"75":8,"76":1,"77":1,"78":1,"79":5,"80":1,"81":1,"82":1,"83":4,"84":1,"85":1,"86":1,"87":3,"88":1,"89":1,"90":1,"91":1,"92":1,"93":1,"94":1,"95":1,"96":8,"97":8,"98":8,"99":8,"100":8,"101":8,"102":8,"103":8,"104":8,"105":8,"106":8,"107":8,"108":1,"109":3,"110":3,"111":1,"112":5,"113":15,"114":15,"115":5,"116":5,"117":5,"118":5,"119":5,"120":5,"121":5,"122":5,"123":5,"124":5,"125":5,"126":1,"127":1,"128":3,"129":3,"130":3,"131":3,"132":1,"133":3,"134":3,"135":3,"136":3,"137":3,"138":3,"139":3,"140":3,"141":3,"142":1,"143":2,"144":2,"145":2,"146":2,"147":1,"148":1,"149":1,"150":1,"151":1,"152":1,"153":1,"154":1,"155":1,"156":1,"157":1,"158":1,"159":1,"160":1,"161":1,"162":1,"163":1,"164":1,"165":1,"166":1,"167":1,"168":1,"169":1,"170":1,"171":1,"172":1,"173":1,"174":1,"175":1,"176":1,"177":1,"178":1,"179":1,"180":1,"181":1,"182":1,"183":1,"184":1,"185":1,"186":1,"187":1,"188":1,"189":1,"190":1,"191":1,"192":1,"193":1,"194":1,"195":1,"196":1,"197":1,"198":1,"199":1,"200":1,"201":1,"202":1,"203":1,"204":1,"205":1,"206":1,"207":1,"208":1,"209":1,"210":1,"211":1,"212":1,"213":1,"214":1,"215":1,"216":1,"217":1,"218":1,"219":1,"220":1,"221":1,"222":1,"223":1,"224":1,"225":1,"226":1,"227":1,"228":1,"229":1,"230":1,"231":1,"232":1,"233":1,"234":1,"235":1,"236":1,"237":1,"238":1,"239":1,"240":1,"241":1,"242":1,"243":1,"244":1,"245":1,"246":1,"247":1,"248":1,"249":1,"250":1,"251":1,"252":1,"253":1,"254":1,"255":1,"256":1,"257":1,"258":1,"259":1,"260":1,"261":1,"262":1,"263":1,"264":1,"265":1,"266":1,"267":1,"268":1,"269":1,"270":1,"271":1,"272":1,"273":1,"274":1,"275":1,"276":1,"277":1,"278":1,"279":1,"280":1,"281":1,"282":1,"283":1,"284":1,"285":1,"286":1,"287":1,"288":1,"289":1,"290":1,"291":1,"292":1,"293":1,"294":1,"295":1,"296":1,"297":1,"298":1,"299":1,"300":1,"301":1,"302":1,"303":1,"304":1,"305":1,"306":1,"307":1,"308":1,"309":1,"310":1,"311":1,"312":1,"313":1,"314":1,"315":1,"316":1,"317":1,"318":1,"319":1,"320":1,"321":1,"322":1,"323":1,"324":1,"325":1,"326":1,"327":1,"328":1,"329":1,"330":1,"331":1,"332":1,"333":1,"334":1,"335":1,"336":1,"337":1,"338":1,"339":1,"340":1,"341":1,"342":1,"343":1,"344":1,"345":1,"346":1,"347":1,"348":1,"349":1,"350":1,"351":1,"352":1,"353":1,"354":1,"355":1,"356":1,"357":1,"358":1,"359":1,"360":1,"361":1,"362":1,"363":1,"364":1,"365":1,"366":1,"367":1,"368":1,"369":1,"370":1,"371":1,"372":1,"373":1,"374":1,"375":1,"376":1,"377":1,"378":1,"379":1,"380":1,"381":1,"382":1,"383":1,"384":1,"385":1,"386":1,"387":1,"388":1,"389":1,"390":1,"391":1,"392":1,"393":1,"394":1,"395":1,"396":1,"397":1,"398":1,"399":1,"400":1,"401":1,"402":1,"403":1,"404":1,"405":1,"406":1,"407":1,"408":1,"409":1,"410":1,"411":1,"412":1,"413":1,"414":1,"415":1,"416":1,"417":1,"418":1,"419":1,"420":1,"421":1,"422":1,"423":1,"424":1},"branchMap":{"0":{"type":"branch","line":2,"loc":{"start":{"line":2,"column":2},"end":{"line":14,"column":4}},"locations":[{"start":{"line":2,"column":2},"end":{"line":14,"column":4}}]},"1":{"type":"branch","line":3,"loc":{"start":{"line":3,"column":29},"end":{"line":4,"column":9}},"locations":[{"start":{"line":3,"column":29},"end":{"line":4,"column":9}}]},"2":{"type":"branch","line":4,"loc":{"start":{"line":4,"column":8},"end":{"line":9,"column":9}},"locations":[{"start":{"line":4,"column":8},"end":{"line":9,"column":9}}]},"3":{"type":"branch","line":15,"loc":{"start":{"line":15,"column":2},"end":{"line":18,"column":4}},"locations":[{"start":{"line":15,"column":2},"end":{"line":18,"column":4}}]},"4":{"type":"branch","line":16,"loc":{"start":{"line":16,"column":53},"end":{"line":16,"column":72}},"locations":[{"start":{"line":16,"column":53},"end":{"line":16,"column":72}}]},"5":{"type":"branch","line":19,"loc":{"start":{"line":19,"column":2},"end":{"line":22,"column":4}},"locations":[{"start":{"line":19,"column":2},"end":{"line":22,"column":4}}]},"6":{"type":"branch","line":21,"loc":{"start":{"line":21,"column":25},"end":{"line":21,"column":48}},"locations":[{"start":{"line":21,"column":25},"end":{"line":21,"column":48}}]},"7":{"type":"branch","line":23,"loc":{"start":{"line":23,"column":2},"end":{"line":26,"column":4}},"locations":[{"start":{"line":23,"column":2},"end":{"line":26,"column":4}}]},"8":{"type":"branch","line":27,"loc":{"start":{"line":27,"column":2},"end":{"line":29,"column":4}},"locations":[{"start":{"line":27,"column":2},"end":{"line":29,"column":4}}]},"9":{"type":"branch","line":28,"loc":{"start":{"line":28,"column":24},"end":{"line":28,"column":35}},"locations":[{"start":{"line":28,"column":24},"end":{"line":28,"column":35}}]},"10":{"type":"branch","line":31,"loc":{"start":{"line":31,"column":2},"end":{"line":57,"column":4}},"locations":[{"start":{"line":31,"column":2},"end":{"line":57,"column":4}}]},"11":{"type":"branch","line":41,"loc":{"start":{"line":41,"column":21},"end":{"line":41,"column":29}},"locations":[{"start":{"line":41,"column":21},"end":{"line":41,"column":29}}]},"12":{"type":"branch","line":41,"loc":{"start":{"line":41,"column":27},"end":{"line":44,"column":41}},"locations":[{"start":{"line":41,"column":27},"end":{"line":44,"column":41}}]},"13":{"type":"branch","line":42,"loc":{"start":{"line":42,"column":27},"end":{"line":42,"column":62}},"locations":[{"start":{"line":42,"column":27},"end":{"line":42,"column":62}}]},"14":{"type":"branch","line":42,"loc":{"start":{"line":42,"column":60},"end":{"line":44,"column":41}},"locations":[{"start":{"line":42,"column":60},"end":{"line":44,"column":41}}]},"15":{"type":"branch","line":43,"loc":{"start":{"line":43,"column":29},"end":{"line":44,"column":41}},"locations":[{"start":{"line":43,"column":29},"end":{"line":44,"column":41}}]},"16":{"type":"branch","line":49,"loc":{"start":{"line":49,"column":42},"end":{"line":49,"column":50}},"locations":[{"start":{"line":49,"column":42},"end":{"line":49,"column":50}}]},"17":{"type":"branch","line":49,"loc":{"start":{"line":49,"column":46},"end":{"line":49,"column":68}},"locations":[{"start":{"line":49,"column":46},"end":{"line":49,"column":68}}]},"18":{"type":"branch","line":58,"loc":{"start":{"line":58,"column":2},"end":{"line":108,"column":4}},"locations":[{"start":{"line":58,"column":2},"end":{"line":108,"column":4}}]},"19":{"type":"branch","line":72,"loc":{"start":{"line":72,"column":30},"end":{"line":76,"column":15}},"locations":[{"start":{"line":72,"column":30},"end":{"line":76,"column":15}}]},"20":{"type":"branch","line":76,"loc":{"start":{"line":76,"column":5},"end":{"line":96,"column":5}},"locations":[{"start":{"line":76,"column":5},"end":{"line":96,"column":5}}]},"21":{"type":"branch","line":76,"loc":{"start":{"line":76,"column":39},"end":{"line":80,"column":15}},"locations":[{"start":{"line":76,"column":39},"end":{"line":80,"column":15}}]},"22":{"type":"branch","line":80,"loc":{"start":{"line":80,"column":5},"end":{"line":96,"column":5}},"locations":[{"start":{"line":80,"column":5},"end":{"line":96,"column":5}}]},"23":{"type":"branch","line":80,"loc":{"start":{"line":80,"column":40},"end":{"line":84,"column":15}},"locations":[{"start":{"line":80,"column":40},"end":{"line":84,"column":15}}]},"24":{"type":"branch","line":84,"loc":{"start":{"line":84,"column":5},"end":{"line":96,"column":5}},"locations":[{"start":{"line":84,"column":5},"end":{"line":96,"column":5}}]},"25":{"type":"branch","line":84,"loc":{"start":{"line":84,"column":40},"end":{"line":88,"column":15}},"locations":[{"start":{"line":84,"column":40},"end":{"line":88,"column":15}}]},"26":{"type":"branch","line":88,"loc":{"start":{"line":88,"column":5},"end":{"line":96,"column":5}},"locations":[{"start":{"line":88,"column":5},"end":{"line":96,"column":5}}]},"27":{"type":"branch","line":88,"loc":{"start":{"line":88,"column":40},"end":{"line":96,"column":5}},"locations":[{"start":{"line":88,"column":40},"end":{"line":96,"column":5}}]},"28":{"type":"branch","line":103,"loc":{"start":{"line":103,"column":29},"end":{"line":103,"column":51}},"locations":[{"start":{"line":103,"column":29},"end":{"line":103,"column":51}}]},"29":{"type":"branch","line":104,"loc":{"start":{"line":104,"column":31},"end":{"line":104,"column":57}},"locations":[{"start":{"line":104,"column":31},"end":{"line":104,"column":57}}]},"30":{"type":"branch","line":105,"loc":{"start":{"line":105,"column":30},"end":{"line":105,"column":54}},"locations":[{"start":{"line":105,"column":30},"end":{"line":105,"column":54}}]},"31":{"type":"branch","line":109,"loc":{"start":{"line":109,"column":2},"end":{"line":111,"column":4}},"locations":[{"start":{"line":109,"column":2},"end":{"line":111,"column":4}}]},"32":{"type":"branch","line":112,"loc":{"start":{"line":112,"column":2},"end":{"line":126,"column":4}},"locations":[{"start":{"line":112,"column":2},"end":{"line":126,"column":4}}]},"33":{"type":"branch","line":113,"loc":{"start":{"line":113,"column":4},"end":{"line":115,"column":5}},"locations":[{"start":{"line":113,"column":4},"end":{"line":115,"column":5}}]},"34":{"type":"branch","line":114,"loc":{"start":{"line":114,"column":22},"end":{"line":114,"column":50}},"locations":[{"start":{"line":114,"column":22},"end":{"line":114,"column":50}}]},"35":{"type":"branch","line":114,"loc":{"start":{"line":114,"column":40},"end":{"line":114,"column":81}},"locations":[{"start":{"line":114,"column":40},"end":{"line":114,"column":81}}]},"36":{"type":"branch","line":116,"loc":{"start":{"line":116,"column":4},"end":{"line":121,"column":5}},"locations":[{"start":{"line":116,"column":4},"end":{"line":121,"column":5}}]},"37":{"type":"branch","line":128,"loc":{"start":{"line":128,"column":2},"end":{"line":132,"column":4}},"locations":[{"start":{"line":128,"column":2},"end":{"line":132,"column":4}}]},"38":{"type":"branch","line":133,"loc":{"start":{"line":133,"column":2},"end":{"line":142,"column":4}},"locations":[{"start":{"line":133,"column":2},"end":{"line":142,"column":4}}]},"39":{"type":"branch","line":140,"loc":{"start":{"line":140,"column":23},"end":{"line":140,"column":70}},"locations":[{"start":{"line":140,"column":23},"end":{"line":140,"column":70}}]},"40":{"type":"branch","line":140,"loc":{"start":{"line":140,"column":58},"end":{"line":140,"column":80}},"locations":[{"start":{"line":140,"column":58},"end":{"line":140,"column":80}}]},"41":{"type":"branch","line":134,"loc":{"start":{"line":134,"column":4},"end":{"line":137,"column":5}},"locations":[{"start":{"line":134,"column":4},"end":{"line":137,"column":5}}]},"42":{"type":"branch","line":143,"loc":{"start":{"line":143,"column":2},"end":{"line":147,"column":4}},"locations":[{"start":{"line":143,"column":2},"end":{"line":147,"column":4}}]},"43":{"type":"branch","line":150,"loc":{"start":{"line":150,"column":0},"end":{"line":152,"column":1}},"locations":[{"start":{"line":150,"column":0},"end":{"line":152,"column":1}}]},"44":{"type":"branch","line":157,"loc":{"start":{"line":157,"column":30},"end":{"line":165,"column":5}},"locations":[{"start":{"line":157,"column":30},"end":{"line":165,"column":5}}]},"45":{"type":"branch","line":158,"loc":{"start":{"line":158,"column":26},"end":{"line":164,"column":7}},"locations":[{"start":{"line":158,"column":26},"end":{"line":164,"column":7}}]},"46":{"type":"branch","line":166,"loc":{"start":{"line":166,"column":34},"end":{"line":170,"column":5}},"locations":[{"start":{"line":166,"column":34},"end":{"line":170,"column":5}}]},"47":{"type":"branch","line":167,"loc":{"start":{"line":167,"column":27},"end":{"line":169,"column":7}},"locations":[{"start":{"line":167,"column":27},"end":{"line":169,"column":7}}]},"48":{"type":"branch","line":171,"loc":{"start":{"line":171,"column":34},"end":{"line":175,"column":5}},"locations":[{"start":{"line":171,"column":34},"end":{"line":175,"column":5}}]},"49":{"type":"branch","line":172,"loc":{"start":{"line":172,"column":27},"end":{"line":174,"column":7}},"locations":[{"start":{"line":172,"column":27},"end":{"line":174,"column":7}}]},"50":{"type":"branch","line":177,"loc":{"start":{"line":177,"column":37},"end":{"line":181,"column":5}},"locations":[{"start":{"line":177,"column":37},"end":{"line":181,"column":5}}]},"51":{"type":"branch","line":178,"loc":{"start":{"line":178,"column":26},"end":{"line":180,"column":7}},"locations":[{"start":{"line":178,"column":26},"end":{"line":180,"column":7}}]},"52":{"type":"branch","line":183,"loc":{"start":{"line":183,"column":37},"end":{"line":187,"column":5}},"locations":[{"start":{"line":183,"column":37},"end":{"line":187,"column":5}}]},"53":{"type":"branch","line":184,"loc":{"start":{"line":184,"column":25},"end":{"line":186,"column":7}},"locations":[{"start":{"line":184,"column":25},"end":{"line":186,"column":7}}]},"54":{"type":"branch","line":189,"loc":{"start":{"line":189,"column":37},"end":{"line":193,"column":5}},"locations":[{"start":{"line":189,"column":37},"end":{"line":193,"column":5}}]},"55":{"type":"branch","line":190,"loc":{"start":{"line":190,"column":26},"end":{"line":192,"column":7}},"locations":[{"start":{"line":190,"column":26},"end":{"line":192,"column":7}}]},"56":{"type":"branch","line":195,"loc":{"start":{"line":195,"column":3},"end":{"line":204,"column":7}},"locations":[{"start":{"line":195,"column":3},"end":{"line":204,"column":7}}]},"57":{"type":"branch","line":199,"loc":{"start":{"line":199,"column":29},"end":{"line":203,"column":7}},"locations":[{"start":{"line":199,"column":29},"end":{"line":203,"column":7}}]},"58":{"type":"branch","line":200,"loc":{"start":{"line":200,"column":31},"end":{"line":202,"column":9}},"locations":[{"start":{"line":200,"column":31},"end":{"line":202,"column":9}}]},"59":{"type":"branch","line":206,"loc":{"start":{"line":206,"column":3},"end":{"line":215,"column":7}},"locations":[{"start":{"line":206,"column":3},"end":{"line":215,"column":7}}]},"60":{"type":"branch","line":210,"loc":{"start":{"line":210,"column":29},"end":{"line":214,"column":7}},"locations":[{"start":{"line":210,"column":29},"end":{"line":214,"column":7}}]},"61":{"type":"branch","line":211,"loc":{"start":{"line":211,"column":31},"end":{"line":213,"column":9}},"locations":[{"start":{"line":211,"column":31},"end":{"line":213,"column":9}}]},"62":{"type":"branch","line":217,"loc":{"start":{"line":217,"column":3},"end":{"line":226,"column":7}},"locations":[{"start":{"line":217,"column":3},"end":{"line":226,"column":7}}]},"63":{"type":"branch","line":221,"loc":{"start":{"line":221,"column":29},"end":{"line":225,"column":7}},"locations":[{"start":{"line":221,"column":29},"end":{"line":225,"column":7}}]},"64":{"type":"branch","line":222,"loc":{"start":{"line":222,"column":31},"end":{"line":224,"column":9}},"locations":[{"start":{"line":222,"column":31},"end":{"line":224,"column":9}}]},"65":{"type":"branch","line":228,"loc":{"start":{"line":228,"column":3},"end":{"line":237,"column":7}},"locations":[{"start":{"line":228,"column":3},"end":{"line":237,"column":7}}]},"66":{"type":"branch","line":232,"loc":{"start":{"line":232,"column":29},"end":{"line":236,"column":7}},"locations":[{"start":{"line":232,"column":29},"end":{"line":236,"column":7}}]},"67":{"type":"branch","line":233,"loc":{"start":{"line":233,"column":31},"end":{"line":235,"column":9}},"locations":[{"start":{"line":233,"column":31},"end":{"line":235,"column":9}}]},"68":{"type":"branch","line":239,"loc":{"start":{"line":239,"column":3},"end":{"line":248,"column":7}},"locations":[{"start":{"line":239,"column":3},"end":{"line":248,"column":7}}]},"69":{"type":"branch","line":243,"loc":{"start":{"line":243,"column":29},"end":{"line":247,"column":7}},"locations":[{"start":{"line":243,"column":29},"end":{"line":247,"column":7}}]},"70":{"type":"branch","line":244,"loc":{"start":{"line":244,"column":31},"end":{"line":246,"column":9}},"locations":[{"start":{"line":244,"column":31},"end":{"line":246,"column":9}}]},"71":{"type":"branch","line":250,"loc":{"start":{"line":250,"column":3},"end":{"line":259,"column":7}},"locations":[{"start":{"line":250,"column":3},"end":{"line":259,"column":7}}]},"72":{"type":"branch","line":254,"loc":{"start":{"line":254,"column":29},"end":{"line":258,"column":7}},"locations":[{"start":{"line":254,"column":29},"end":{"line":258,"column":7}}]},"73":{"type":"branch","line":255,"loc":{"start":{"line":255,"column":31},"end":{"line":257,"column":9}},"locations":[{"start":{"line":255,"column":31},"end":{"line":257,"column":9}}]},"74":{"type":"branch","line":261,"loc":{"start":{"line":261,"column":3},"end":{"line":270,"column":7}},"locations":[{"start":{"line":261,"column":3},"end":{"line":270,"column":7}}]},"75":{"type":"branch","line":265,"loc":{"start":{"line":265,"column":29},"end":{"line":269,"column":7}},"locations":[{"start":{"line":265,"column":29},"end":{"line":269,"column":7}}]},"76":{"type":"branch","line":266,"loc":{"start":{"line":266,"column":31},"end":{"line":268,"column":9}},"locations":[{"start":{"line":266,"column":31},"end":{"line":268,"column":9}}]},"77":{"type":"branch","line":272,"loc":{"start":{"line":272,"column":3},"end":{"line":281,"column":7}},"locations":[{"start":{"line":272,"column":3},"end":{"line":281,"column":7}}]},"78":{"type":"branch","line":276,"loc":{"start":{"line":276,"column":29},"end":{"line":280,"column":7}},"locations":[{"start":{"line":276,"column":29},"end":{"line":280,"column":7}}]},"79":{"type":"branch","line":277,"loc":{"start":{"line":277,"column":31},"end":{"line":279,"column":9}},"locations":[{"start":{"line":277,"column":31},"end":{"line":279,"column":9}}]},"80":{"type":"branch","line":283,"loc":{"start":{"line":283,"column":3},"end":{"line":292,"column":7}},"locations":[{"start":{"line":283,"column":3},"end":{"line":292,"column":7}}]},"81":{"type":"branch","line":287,"loc":{"start":{"line":287,"column":29},"end":{"line":291,"column":7}},"locations":[{"start":{"line":287,"column":29},"end":{"line":291,"column":7}}]},"82":{"type":"branch","line":288,"loc":{"start":{"line":288,"column":31},"end":{"line":290,"column":9}},"locations":[{"start":{"line":288,"column":31},"end":{"line":290,"column":9}}]},"83":{"type":"branch","line":294,"loc":{"start":{"line":294,"column":3},"end":{"line":303,"column":7}},"locations":[{"start":{"line":294,"column":3},"end":{"line":303,"column":7}}]},"84":{"type":"branch","line":298,"loc":{"start":{"line":298,"column":29},"end":{"line":302,"column":7}},"locations":[{"start":{"line":298,"column":29},"end":{"line":302,"column":7}}]},"85":{"type":"branch","line":299,"loc":{"start":{"line":299,"column":31},"end":{"line":301,"column":9}},"locations":[{"start":{"line":299,"column":31},"end":{"line":301,"column":9}}]},"86":{"type":"branch","line":305,"loc":{"start":{"line":305,"column":3},"end":{"line":314,"column":7}},"locations":[{"start":{"line":305,"column":3},"end":{"line":314,"column":7}}]},"87":{"type":"branch","line":309,"loc":{"start":{"line":309,"column":29},"end":{"line":313,"column":7}},"locations":[{"start":{"line":309,"column":29},"end":{"line":313,"column":7}}]},"88":{"type":"branch","line":310,"loc":{"start":{"line":310,"column":31},"end":{"line":312,"column":9}},"locations":[{"start":{"line":310,"column":31},"end":{"line":312,"column":9}}]},"89":{"type":"branch","line":316,"loc":{"start":{"line":316,"column":3},"end":{"line":325,"column":7}},"locations":[{"start":{"line":316,"column":3},"end":{"line":325,"column":7}}]},"90":{"type":"branch","line":320,"loc":{"start":{"line":320,"column":29},"end":{"line":324,"column":7}},"locations":[{"start":{"line":320,"column":29},"end":{"line":324,"column":7}}]},"91":{"type":"branch","line":321,"loc":{"start":{"line":321,"column":31},"end":{"line":323,"column":9}},"locations":[{"start":{"line":321,"column":31},"end":{"line":323,"column":9}}]},"92":{"type":"branch","line":327,"loc":{"start":{"line":327,"column":3},"end":{"line":336,"column":7}},"locations":[{"start":{"line":327,"column":3},"end":{"line":336,"column":7}}]},"93":{"type":"branch","line":331,"loc":{"start":{"line":331,"column":29},"end":{"line":335,"column":7}},"locations":[{"start":{"line":331,"column":29},"end":{"line":335,"column":7}}]},"94":{"type":"branch","line":332,"loc":{"start":{"line":332,"column":31},"end":{"line":334,"column":9}},"locations":[{"start":{"line":332,"column":31},"end":{"line":334,"column":9}}]},"95":{"type":"branch","line":338,"loc":{"start":{"line":338,"column":3},"end":{"line":347,"column":7}},"locations":[{"start":{"line":338,"column":3},"end":{"line":347,"column":7}}]},"96":{"type":"branch","line":342,"loc":{"start":{"line":342,"column":29},"end":{"line":346,"column":7}},"locations":[{"start":{"line":342,"column":29},"end":{"line":346,"column":7}}]},"97":{"type":"branch","line":343,"loc":{"start":{"line":343,"column":31},"end":{"line":345,"column":9}},"locations":[{"start":{"line":343,"column":31},"end":{"line":345,"column":9}}]},"98":{"type":"branch","line":349,"loc":{"start":{"line":349,"column":3},"end":{"line":358,"column":7}},"locations":[{"start":{"line":349,"column":3},"end":{"line":358,"column":7}}]},"99":{"type":"branch","line":353,"loc":{"start":{"line":353,"column":29},"end":{"line":357,"column":7}},"locations":[{"start":{"line":353,"column":29},"end":{"line":357,"column":7}}]},"100":{"type":"branch","line":354,"loc":{"start":{"line":354,"column":31},"end":{"line":356,"column":9}},"locations":[{"start":{"line":354,"column":31},"end":{"line":356,"column":9}}]},"101":{"type":"branch","line":360,"loc":{"start":{"line":360,"column":3},"end":{"line":369,"column":7}},"locations":[{"start":{"line":360,"column":3},"end":{"line":369,"column":7}}]},"102":{"type":"branch","line":364,"loc":{"start":{"line":364,"column":29},"end":{"line":368,"column":7}},"locations":[{"start":{"line":364,"column":29},"end":{"line":368,"column":7}}]},"103":{"type":"branch","line":365,"loc":{"start":{"line":365,"column":31},"end":{"line":367,"column":9}},"locations":[{"start":{"line":365,"column":31},"end":{"line":367,"column":9}}]},"104":{"type":"branch","line":371,"loc":{"start":{"line":371,"column":3},"end":{"line":380,"column":7}},"locations":[{"start":{"line":371,"column":3},"end":{"line":380,"column":7}}]},"105":{"type":"branch","line":375,"loc":{"start":{"line":375,"column":29},"end":{"line":379,"column":7}},"locations":[{"start":{"line":375,"column":29},"end":{"line":379,"column":7}}]},"106":{"type":"branch","line":376,"loc":{"start":{"line":376,"column":31},"end":{"line":378,"column":9}},"locations":[{"start":{"line":376,"column":31},"end":{"line":378,"column":9}}]},"107":{"type":"branch","line":382,"loc":{"start":{"line":382,"column":3},"end":{"line":391,"column":7}},"locations":[{"start":{"line":382,"column":3},"end":{"line":391,"column":7}}]},"108":{"type":"branch","line":386,"loc":{"start":{"line":386,"column":29},"end":{"line":390,"column":7}},"locations":[{"start":{"line":386,"column":29},"end":{"line":390,"column":7}}]},"109":{"type":"branch","line":387,"loc":{"start":{"line":387,"column":31},"end":{"line":389,"column":9}},"locations":[{"start":{"line":387,"column":31},"end":{"line":389,"column":9}}]},"110":{"type":"branch","line":393,"loc":{"start":{"line":393,"column":3},"end":{"line":402,"column":7}},"locations":[{"start":{"line":393,"column":3},"end":{"line":402,"column":7}}]},"111":{"type":"branch","line":397,"loc":{"start":{"line":397,"column":29},"end":{"line":401,"column":7}},"locations":[{"start":{"line":397,"column":29},"end":{"line":401,"column":7}}]},"112":{"type":"branch","line":398,"loc":{"start":{"line":398,"column":31},"end":{"line":400,"column":9}},"locations":[{"start":{"line":398,"column":31},"end":{"line":400,"column":9}}]},"113":{"type":"branch","line":404,"loc":{"start":{"line":404,"column":3},"end":{"line":413,"column":7}},"locations":[{"start":{"line":404,"column":3},"end":{"line":413,"column":7}}]},"114":{"type":"branch","line":408,"loc":{"start":{"line":408,"column":29},"end":{"line":412,"column":7}},"locations":[{"start":{"line":408,"column":29},"end":{"line":412,"column":7}}]},"115":{"type":"branch","line":409,"loc":{"start":{"line":409,"column":31},"end":{"line":411,"column":9}},"locations":[{"start":{"line":409,"column":31},"end":{"line":411,"column":9}}]},"116":{"type":"branch","line":415,"loc":{"start":{"line":415,"column":3},"end":{"line":424,"column":7}},"locations":[{"start":{"line":415,"column":3},"end":{"line":424,"column":7}}]},"117":{"type":"branch","line":419,"loc":{"start":{"line":419,"column":29},"end":{"line":423,"column":7}},"locations":[{"start":{"line":419,"column":29},"end":{"line":423,"column":7}}]},"118":{"type":"branch","line":420,"loc":{"start":{"line":420,"column":31},"end":{"line":422,"column":9}},"locations":[{"start":{"line":420,"column":31},"end":{"line":422,"column":9}}]}},"b":{"0":[7],"1":[4],"2":[3],"3":[20],"4":[1],"5":[6],"6":[18],"7":[6],"8":[10],"9":[30],"10":[10],"11":[4],"12":[6],"13":[4],"14":[2],"15":[1],"16":[4],"17":[6],"18":[8],"19":[3],"20":[5],"21":[1],"22":[4],"23":[1],"24":[3],"25":[1],"26":[2],"27":[1],"28":[4],"29":[5],"30":[5],"31":[3],"32":[5],"33":[15],"34":[9],"35":[6],"36":[5],"37":[3],"38":[3],"39":[1],"40":[2],"41":[3],"42":[2],"43":[1],"44":[1],"45":[1],"46":[1],"47":[1],"48":[1],"49":[1],"50":[1],"51":[1],"52":[1],"53":[1],"54":[1],"55":[1],"56":[1],"57":[1],"58":[1],"59":[1],"60":[1],"61":[1],"62":[1],"63":[1],"64":[1],"65":[1],"66":[1],"67":[1],"68":[1],"69":[1],"70":[1],"71":[1],"72":[1],"73":[1],"74":[1],"75":[1],"76":[1],"77":[1],"78":[1],"79":[1],"80":[1],"81":[1],"82":[1],"83":[1],"84":[1],"85":[1],"86":[1],"87":[1],"88":[1],"89":[1],"90":[1],"91":[1],"92":[1],"93":[1],"94":[1],"95":[1],"96":[1],"97":[1],"98":[1],"99":[1],"100":[1],"101":[1],"102":[1],"103":[1],"104":[1],"105":[1],"106":[1],"107":[1],"108":[1],"109":[1],"110":[1],"111":[1],"112":[1],"113":[1],"114":[1],"115":[1],"116":[1],"117":[1],"118":[1]},"fnMap":{"0":{"name":"splitHexString","decl":{"start":{"line":2,"column":2},"end":{"line":14,"column":4}},"loc":{"start":{"line":2,"column":2},"end":{"line":14,"column":4}},"line":2},"1":{"name":"hexDigitsToDecimal","decl":{"start":{"line":15,"column":2},"end":{"line":18,"column":4}},"loc":{"start":{"line":15,"column":2},"end":{"line":18,"column":4}},"line":15},"2":{"name":"getSrgbArrayFromHexString","decl":{"start":{"line":19,"column":2},"end":{"line":22,"column":4}},"loc":{"start":{"line":19,"column":2},"end":{"line":22,"column":4}},"line":19},"3":{"name":"convertHexToSrgbArray","decl":{"start":{"line":23,"column":2},"end":{"line":26,"column":4}},"loc":{"start":{"line":23,"column":2},"end":{"line":26,"column":4}},"line":23},"4":{"name":"constrainSrgbArray","decl":{"start":{"line":27,"column":2},"end":{"line":29,"column":4}},"loc":{"start":{"line":27,"column":2},"end":{"line":29,"column":4}},"line":27},"5":{"name":"convertSrgbToHslArray","decl":{"start":{"line":31,"column":2},"end":{"line":57,"column":4}},"loc":{"start":{"line":31,"column":2},"end":{"line":57,"column":4}},"line":31},"6":{"name":"convertHslArrayToHex","decl":{"start":{"line":58,"column":2},"end":{"line":108,"column":4}},"loc":{"start":{"line":58,"column":2},"end":{"line":108,"column":4}},"line":58},"7":{"name":"convertSrgbToHex","decl":{"start":{"line":109,"column":2},"end":{"line":111,"column":4}},"loc":{"start":{"line":109,"column":2},"end":{"line":111,"column":4}},"line":109},"8":{"name":"convertSrgbToLuminance","decl":{"start":{"line":112,"column":2},"end":{"line":126,"column":4}},"loc":{"start":{"line":112,"column":2},"end":{"line":126,"column":4}},"line":112},"9":{"name":"modifyColourValue","decl":{"start":{"line":113,"column":4},"end":{"line":115,"column":5}},"loc":{"start":{"line":113,"column":4},"end":{"line":115,"column":5}},"line":113},"10":{"name":"sumColourValues","decl":{"start":{"line":116,"column":4},"end":{"line":121,"column":5}},"loc":{"start":{"line":116,"column":4},"end":{"line":121,"column":5}},"line":116},"11":{"name":"convertHexToLuminance","decl":{"start":{"line":128,"column":2},"end":{"line":132,"column":4}},"loc":{"start":{"line":128,"column":2},"end":{"line":132,"column":4}},"line":128},"12":{"name":"backgroundLuminanceToTextColour","decl":{"start":{"line":133,"column":2},"end":{"line":142,"column":4}},"loc":{"start":{"line":133,"column":2},"end":{"line":142,"column":4}},"line":133},"13":{"name":"luminanceAboveCutoff","decl":{"start":{"line":134,"column":4},"end":{"line":137,"column":5}},"loc":{"start":{"line":134,"column":4},"end":{"line":137,"column":5}},"line":134},"14":{"name":"autoTextColourFromHex","decl":{"start":{"line":143,"column":2},"end":{"line":147,"column":4}},"loc":{"start":{"line":143,"column":2},"end":{"line":147,"column":4}},"line":143},"15":{"name":"autoTextColour","decl":{"start":{"line":150,"column":0},"end":{"line":152,"column":1}},"loc":{"start":{"line":150,"column":0},"end":{"line":152,"column":1}},"line":150}},"f":{"0":7,"1":20,"2":6,"3":6,"4":10,"5":10,"6":8,"7":3,"8":5,"9":15,"10":5,"11":3,"12":3,"13":3,"14":2,"15":1}}
}
